Using pre-set license
Built from '2021.3/staging' branch; Version is '2021.3.23f1 (213b516bf396) revision 2177873'; Using compiler version '192829333'; Build Type 'Release'
OS: 'Windows 10  (10.0.19044) 64bit Enterprise' Language: 'en' Physical Memory: 16339 MB
BatchMode: 1, IsHumanControllingUs: 0, StartBugReporterOnCrash: 0, Is64bit: 1, IsPro: 1

COMMAND LINE ARGUMENTS:
E:\Unity Edito\2021.3.23f1\Editor\Unity.exe
-adb2
-batchMode
-noUpm
-name
AssetImportWorker0
-projectPath
E:/Build-An-Alien/Build An Alien
-logFile
Logs/AssetImportWorker0.log
-srvPort
58980
Successfully changed project path to: E:/Build-An-Alien/Build An Alien
E:/Build-An-Alien/Build An Alien
[UnityMemory] Configuration Parameters - Can be set up in boot.config
    "memorysetup-bucket-allocator-granularity=16"
    "memorysetup-bucket-allocator-bucket-count=8"
    "memorysetup-bucket-allocator-block-size=33554432"
    "memorysetup-bucket-allocator-block-count=8"
    "memorysetup-main-allocator-block-size=16777216"
    "memorysetup-thread-allocator-block-size=16777216"
    "memorysetup-gfx-main-allocator-block-size=16777216"
    "memorysetup-gfx-thread-allocator-block-size=16777216"
    "memorysetup-cache-allocator-block-size=4194304"
    "memorysetup-typetree-allocator-block-size=2097152"
    "memorysetup-profiler-bucket-allocator-granularity=16"
    "memorysetup-profiler-bucket-allocator-bucket-count=8"
    "memorysetup-profiler-bucket-allocator-block-size=33554432"
    "memorysetup-profiler-bucket-allocator-block-count=8"
    "memorysetup-profiler-allocator-block-size=16777216"
    "memorysetup-profiler-editor-allocator-block-size=1048576"
    "memorysetup-temp-allocator-size-main=16777216"
    "memorysetup-job-temp-allocator-block-size=2097152"
    "memorysetup-job-temp-allocator-block-size-background=1048576"
    "memorysetup-job-temp-allocator-reduction-small-platforms=262144"
    "memorysetup-temp-allocator-size-background-worker=32768"
    "memorysetup-temp-allocator-size-job-worker=262144"
    "memorysetup-temp-allocator-size-preload-manager=33554432"
    "memorysetup-temp-allocator-size-nav-mesh-worker=65536"
    "memorysetup-temp-allocator-size-audio-worker=65536"
    "memorysetup-temp-allocator-size-cloud-worker=32768"
    "memorysetup-temp-allocator-size-gi-baking-worker=262144"
    "memorysetup-temp-allocator-size-gfx=262144"
Player connection [24064] Host "[IP] 192.168.0.108 [Port] 0 [Flags] 2 [Guid] 2476993701 [EditorId] 2476993701 [Version] 1048832 [Id] WindowsEditor(7,MrFab) [Debug] 1 [PackageName] WindowsEditor [ProjectName] Editor" joined multi-casting on [225.0.0.222:54997]...

Player connection [24064] Host "[IP] 192.168.0.108 [Port] 0 [Flags] 2 [Guid] 2476993701 [EditorId] 2476993701 [Version] 1048832 [Id] WindowsEditor(7,MrFab) [Debug] 1 [PackageName] WindowsEditor [ProjectName] Editor" joined alternative multi-casting on [225.0.0.222:34997]...

Refreshing native plugins compatible for Editor in 187.66 ms, found 3 plugins.
Preloading 0 native plugins for Editor in 0.00 ms.
Initialize engine version: 2021.3.23f1 (213b516bf396)
[Subsystems] Discovering subsystems at path E:/Unity Edito/2021.3.23f1/Editor/Data/Resources/UnitySubsystems
[Subsystems] Discovering subsystems at path E:/Build-An-Alien/Build An Alien/Assets
GfxDevice: creating device client; threaded=0; jobified=0
Direct3D:
    Version:  Direct3D 11.0 [level 11.1]
    Renderer: NVIDIA GeForce GTX 1060 6GB (ID=0x1c03)
    Vendor:   NVIDIA
    VRAM:     6044 MB
    Driver:   31.0.15.2824
Initialize mono
Mono path[0] = 'E:/Unity Edito/2021.3.23f1/Editor/Data/Managed'
Mono path[1] = 'E:/Unity Edito/2021.3.23f1/Editor/Data/MonoBleedingEdge/lib/mono/unityjit-win32'
Mono config path = 'E:/Unity Edito/2021.3.23f1/Editor/Data/MonoBleedingEdge/etc'
Using monoOptions --debugger-agent=transport=dt_socket,embedding=1,server=y,suspend=n,address=127.0.0.1:56136
Begin MonoManager ReloadAssembly
Registering precompiled unity dll's ...
Register platform support module: E:/Unity Edito/2021.3.23f1/Editor/Data/PlaybackEngines/WebGLSupport/UnityEditor.WebGL.Extensions.dll
Register platform support module: E:/Unity Edito/2021.3.23f1/Editor/Data/PlaybackEngines/WindowsStandaloneSupport/UnityEditor.WindowsStandalone.Extensions.dll
Registered in 0.003929 seconds.
Native extension for WindowsStandalone target not found
Native extension for WebGL target not found
Refreshing native plugins compatible for Editor in 168.50 ms, found 3 plugins.
Preloading 0 native plugins for Editor in 0.00 ms.
Mono: successfully reloaded assembly
- Completed reload, in  0.883 seconds
Domain Reload Profiling:
	ReloadAssembly (884ms)
		BeginReloadAssembly (110ms)
			ExecutionOrderSort (0ms)
			DisableScriptedObjects (0ms)
			BackupInstance (0ms)
			ReleaseScriptingObjects (0ms)
			CreateAndSetChildDomain (1ms)
		EndReloadAssembly (657ms)
			LoadAssemblies (108ms)
			RebuildTransferFunctionScriptingTraits (0ms)
			SetupTypeCache (146ms)
			ReleaseScriptCaches (0ms)
			RebuildScriptCaches (35ms)
			SetupLoadedEditorAssemblies (409ms)
				LogAssemblyErrors (0ms)
				InitializePlatformSupportModulesInManaged (10ms)
				SetLoadedEditorAssemblies (0ms)
				RefreshPlugins (169ms)
				BeforeProcessingInitializeOnLoad (2ms)
				ProcessInitializeOnLoadAttributes (169ms)
				ProcessInitializeOnLoadMethodAttributes (59ms)
				AfterProcessingInitializeOnLoad (0ms)
				EditorAssembliesLoaded (0ms)
			ExecutionOrderSort2 (0ms)
			AwakeInstancesAfterBackupRestoration (0ms)
Platform modules already initialized, skipping
Registering precompiled user dll's ...
Registered in 0.008217 seconds.
Begin MonoManager ReloadAssembly
Symbol file LoadedFromMemory doesn't match image E:\Build-An-Alien\Build An Alien\Library\PackageCache\com.unity.visualscripting@1.8.0\Editor\VisualScripting.Core\Dependencies\YamlDotNet\Unity.VisualScripting.YamlDotNet.dll
Symbol file LoadedFromMemory doesn't match image E:\Build-An-Alien\Build An Alien\Library\PackageCache\com.unity.visualscripting@1.8.0\Editor\VisualScripting.Core\Dependencies\DotNetZip\Unity.VisualScripting.IonicZip.dll
Native extension for WindowsStandalone target not found
Native extension for WebGL target not found
Refreshing native plugins compatible for Editor in 165.01 ms, found 3 plugins.
Preloading 0 native plugins for Editor in 0.00 ms.
Mono: successfully reloaded assembly
- Completed reload, in  1.906 seconds
Domain Reload Profiling:
	ReloadAssembly (1908ms)
		BeginReloadAssembly (156ms)
			ExecutionOrderSort (0ms)
			DisableScriptedObjects (8ms)
			BackupInstance (0ms)
			ReleaseScriptingObjects (0ms)
			CreateAndSetChildDomain (25ms)
		EndReloadAssembly (1609ms)
			LoadAssemblies (138ms)
			RebuildTransferFunctionScriptingTraits (0ms)
			SetupTypeCache (450ms)
			ReleaseScriptCaches (1ms)
			RebuildScriptCaches (118ms)
			SetupLoadedEditorAssemblies (866ms)
				LogAssemblyErrors (0ms)
				InitializePlatformSupportModulesInManaged (6ms)
				SetLoadedEditorAssemblies (0ms)
				RefreshPlugins (165ms)
				BeforeProcessingInitializeOnLoad (159ms)
				ProcessInitializeOnLoadAttributes (427ms)
				ProcessInitializeOnLoadMethodAttributes (104ms)
				AfterProcessingInitializeOnLoad (5ms)
				EditorAssembliesLoaded (0ms)
			ExecutionOrderSort2 (0ms)
			AwakeInstancesAfterBackupRestoration (9ms)
Platform modules already initialized, skipping
========================================================================
Worker process is ready to serve import requests
Launched and connected shader compiler UnityShaderCompiler.exe after 0.21 seconds
Refreshing native plugins compatible for Editor in 1.33 ms, found 3 plugins.
Preloading 0 native plugins for Editor in 0.00 ms.
Unloading 5879 Unused Serialized files (Serialized files now loaded: 0)
Unloading 64 unused Assets / (2.9 MB). Loaded Objects now: 6329.
Memory consumption went from 247.3 MB to 244.3 MB.
Total: 6.056600 ms (FindLiveObjects: 0.695600 ms CreateObjectMapping: 0.209100 ms MarkObjects: 4.133600 ms  DeleteObjects: 1.016800 ms)

AssetImportParameters requested are different than current active one (requested -> active):
  custom:video-decoder-ogg-theora: a1e56fd34408186e4bbccfd4996cb3dc -> 
  custom:container-muxer-webm: aa71ff27fc2769a1b78a27578f13a17b -> 
  custom:container-demuxer-webm: 4f35f7cbe854078d1ac9338744f61a02 -> 
  custom:video-encoder-webm-vp8: eb34c28f22e8b96e1ab97ce403110664 -> 
  custom:audio-encoder-webm-vorbis: bf7c407c2cedff20999df2af8eb42d56 -> 
  custom:framework-win-MediaFoundation: 216162199b28c13a410421893ffa2e32 -> 
  custom:container-demuxer-ogg: 62fdf1f143b41e24485cea50d1cbac27 -> 
  custom:video-decoder-webm-vp8: 9c59270c3fd7afecdb556c50c9e8de78 -> 
  custom:audio-decoder-ogg-vorbis: bf7c407c2cedff20999df2af8eb42d56 -> 
========================================================================
Received Import Request.
  Time since last request: 868614.200051 seconds.
  path: Assets/Animated Planet Bagyo/Demo/DemoScene.unity
  artifactKey: Guid(47cd513b8c4397e4ca272a1ff269d933) Importer(815301076,1909f56bfc062723c751e8b465ee728b)
Start importing Assets/Animated Planet Bagyo/Demo/DemoScene.unity using Guid(47cd513b8c4397e4ca272a1ff269d933) Importer(815301076,1909f56bfc062723c751e8b465ee728b)  -> (artifact id: 'c79e6e9ff23030e643cb4aa7ef42d212') in 0.020780 seconds 
========================================================================
Received Prepare
Registering precompiled user dll's ...
Registered in 0.007796 seconds.
Begin MonoManager ReloadAssembly
Symbol file LoadedFromMemory doesn't match image E:\Build-An-Alien\Build An Alien\Library\PackageCache\com.unity.visualscripting@1.8.0\Editor\VisualScripting.Core\Dependencies\YamlDotNet\Unity.VisualScripting.YamlDotNet.dll
Symbol file LoadedFromMemory doesn't match image E:\Build-An-Alien\Build An Alien\Library\PackageCache\com.unity.visualscripting@1.8.0\Editor\VisualScripting.Core\Dependencies\DotNetZip\Unity.VisualScripting.IonicZip.dll
Native extension for WindowsStandalone target not found
Native extension for WebGL target not found
Refreshing native plugins compatible for Editor in 1.46 ms, found 3 plugins.
Preloading 0 native plugins for Editor in 0.00 ms.
Mono: successfully reloaded assembly
- Completed reload, in  1.596 seconds
Domain Reload Profiling:
	ReloadAssembly (1596ms)
		BeginReloadAssembly (185ms)
			ExecutionOrderSort (0ms)
			DisableScriptedObjects (6ms)
			BackupInstance (0ms)
			ReleaseScriptingObjects (0ms)
			CreateAndSetChildDomain (51ms)
		EndReloadAssembly (1294ms)
			LoadAssemblies (128ms)
			RebuildTransferFunctionScriptingTraits (0ms)
			SetupTypeCache (425ms)
			ReleaseScriptCaches (3ms)
			RebuildScriptCaches (91ms)
			SetupLoadedEditorAssemblies (601ms)
				LogAssemblyErrors (0ms)
				InitializePlatformSupportModulesInManaged (7ms)
				SetLoadedEditorAssemblies (1ms)
				RefreshPlugins (2ms)
				BeforeProcessingInitializeOnLoad (121ms)
				ProcessInitializeOnLoadAttributes (358ms)
				ProcessInitializeOnLoadMethodAttributes (108ms)
				AfterProcessingInitializeOnLoad (4ms)
				EditorAssembliesLoaded (0ms)
			ExecutionOrderSort2 (0ms)
			AwakeInstancesAfterBackupRestoration (11ms)
Platform modules already initialized, skipping
Refreshing native plugins compatible for Editor in 3.90 ms, found 3 plugins.
Preloading 0 native plugins for Editor in 0.00 ms.
Unloading 5688 Unused Serialized files (Serialized files now loaded: 0)
Unloading 45 unused Assets / (3.0 MB). Loaded Objects now: 6344.
Memory consumption went from 232.6 MB to 229.6 MB.
Total: 5.344400 ms (FindLiveObjects: 0.571300 ms CreateObjectMapping: 0.198700 ms MarkObjects: 3.574800 ms  DeleteObjects: 0.998500 ms)

AssetImportParameters requested are different than current active one (requested -> active):
  custom:video-decoder-ogg-theora: a1e56fd34408186e4bbccfd4996cb3dc -> 
  custom:container-muxer-webm: aa71ff27fc2769a1b78a27578f13a17b -> 
  custom:container-demuxer-webm: 4f35f7cbe854078d1ac9338744f61a02 -> 
  custom:video-encoder-webm-vp8: eb34c28f22e8b96e1ab97ce403110664 -> 
  custom:audio-encoder-webm-vorbis: bf7c407c2cedff20999df2af8eb42d56 -> 
  custom:framework-win-MediaFoundation: 216162199b28c13a410421893ffa2e32 -> 
  custom:container-demuxer-ogg: 62fdf1f143b41e24485cea50d1cbac27 -> 
  custom:video-decoder-webm-vp8: 9c59270c3fd7afecdb556c50c9e8de78 -> 
  custom:audio-decoder-ogg-vorbis: bf7c407c2cedff20999df2af8eb42d56 -> 
========================================================================
Received Import Request.
  Time since last request: 33.302307 seconds.
  path: Assets/_Aliens/Materials/Alien1Mat.mat
  artifactKey: Guid(028828cea2a8a864a86a115712e0e728) Importer(815301076,1909f56bfc062723c751e8b465ee728b)
Start importing Assets/_Aliens/Materials/Alien1Mat.mat using Guid(028828cea2a8a864a86a115712e0e728) Importer(815301076,1909f56bfc062723c751e8b465ee728b)  -> (artifact id: 'b6f63401bb623c7954eb27389fbc85ea') in 0.512989 seconds 
========================================================================
Received Import Request.
  Time since last request: 0.000081 seconds.
  path: Assets/_Aliens/Materials/Alien3Mat.mat
  artifactKey: Guid(627e1eb06c31d034c873c0bd65e7c01e) Importer(815301076,1909f56bfc062723c751e8b465ee728b)
Start importing Assets/_Aliens/Materials/Alien3Mat.mat using Guid(627e1eb06c31d034c873c0bd65e7c01e) Importer(815301076,1909f56bfc062723c751e8b465ee728b)  -> (artifact id: '529aebd32c7f4ee45916d98be529995a') in 0.116280 seconds 
========================================================================
Received Import Request.
  Time since last request: 0.000047 seconds.
  path: Assets/_Aliens/Materials/Alien10Mat.mat
  artifactKey: Guid(057ccf76d42d5694bb7e5269bd4127e7) Importer(815301076,1909f56bfc062723c751e8b465ee728b)
Start importing Assets/_Aliens/Materials/Alien10Mat.mat using Guid(057ccf76d42d5694bb7e5269bd4127e7) Importer(815301076,1909f56bfc062723c751e8b465ee728b)  -> (artifact id: 'd890f569e35758bc30f7bcf4f20fff32') in 0.117884 seconds 
========================================================================
Received Import Request.
  Time since last request: 0.000033 seconds.
  path: Assets/_Aliens/Materials/Alien4Mat.mat
  artifactKey: Guid(2ad726f928ed3a549aa52c36072bada0) Importer(815301076,1909f56bfc062723c751e8b465ee728b)
Start importing Assets/_Aliens/Materials/Alien4Mat.mat using Guid(2ad726f928ed3a549aa52c36072bada0) Importer(815301076,1909f56bfc062723c751e8b465ee728b)  -> (artifact id: '73cc98760da27b30776a6d8110d6b5b1') in 0.023380 seconds 
========================================================================
Received Prepare
Registering precompiled user dll's ...
Registered in 0.008092 seconds.
Begin MonoManager ReloadAssembly
Symbol file LoadedFromMemory doesn't match image E:\Build-An-Alien\Build An Alien\Library\PackageCache\com.unity.visualscripting@1.8.0\Editor\VisualScripting.Core\Dependencies\YamlDotNet\Unity.VisualScripting.YamlDotNet.dll
Symbol file LoadedFromMemory doesn't match image E:\Build-An-Alien\Build An Alien\Library\PackageCache\com.unity.visualscripting@1.8.0\Editor\VisualScripting.Core\Dependencies\DotNetZip\Unity.VisualScripting.IonicZip.dll
Native extension for WindowsStandalone target not found
Native extension for WebGL target not found
Refreshing native plugins compatible for Editor in 1.44 ms, found 3 plugins.
Preloading 0 native plugins for Editor in 0.00 ms.
Mono: successfully reloaded assembly
- Completed reload, in  1.890 seconds
Domain Reload Profiling:
	ReloadAssembly (1891ms)
		BeginReloadAssembly (222ms)
			ExecutionOrderSort (0ms)
			DisableScriptedObjects (11ms)
			BackupInstance (0ms)
			ReleaseScriptingObjects (0ms)
			CreateAndSetChildDomain (75ms)
		EndReloadAssembly (1540ms)
			LoadAssemblies (149ms)
			RebuildTransferFunctionScriptingTraits (0ms)
			SetupTypeCache (512ms)
			ReleaseScriptCaches (3ms)
			RebuildScriptCaches (121ms)
			SetupLoadedEditorAssemblies (669ms)
				LogAssemblyErrors (0ms)
				InitializePlatformSupportModulesInManaged (8ms)
				SetLoadedEditorAssemblies (1ms)
				RefreshPlugins (2ms)
				BeforeProcessingInitializeOnLoad (145ms)
				ProcessInitializeOnLoadAttributes (385ms)
				ProcessInitializeOnLoadMethodAttributes (122ms)
				AfterProcessingInitializeOnLoad (7ms)
				EditorAssembliesLoaded (0ms)
			ExecutionOrderSort2 (0ms)
			AwakeInstancesAfterBackupRestoration (22ms)
Platform modules already initialized, skipping
Refreshing native plugins compatible for Editor in 3.77 ms, found 3 plugins.
Preloading 0 native plugins for Editor in 0.00 ms.
Unloading 5695 Unused Serialized files (Serialized files now loaded: 0)
Unloading 45 unused Assets / (2.9 MB). Loaded Objects now: 6448.
Memory consumption went from 240.2 MB to 237.2 MB.
Total: 6.412100 ms (FindLiveObjects: 0.897300 ms CreateObjectMapping: 0.387900 ms MarkObjects: 3.931900 ms  DeleteObjects: 1.193300 ms)

AssetImportParameters requested are different than current active one (requested -> active):
  custom:video-decoder-ogg-theora: a1e56fd34408186e4bbccfd4996cb3dc -> 
  custom:container-muxer-webm: aa71ff27fc2769a1b78a27578f13a17b -> 
  custom:container-demuxer-webm: 4f35f7cbe854078d1ac9338744f61a02 -> 
  custom:video-encoder-webm-vp8: eb34c28f22e8b96e1ab97ce403110664 -> 
  custom:audio-encoder-webm-vorbis: bf7c407c2cedff20999df2af8eb42d56 -> 
  custom:framework-win-MediaFoundation: 216162199b28c13a410421893ffa2e32 -> 
  custom:container-demuxer-ogg: 62fdf1f143b41e24485cea50d1cbac27 -> 
  custom:video-decoder-webm-vp8: 9c59270c3fd7afecdb556c50c9e8de78 -> 
  custom:audio-decoder-ogg-vorbis: bf7c407c2cedff20999df2af8eb42d56 -> 
========================================================================
Received Import Request.
  Time since last request: 1763.752509 seconds.
  path: Assets/_Aliens/Materials/Alien2Mat.mat
  artifactKey: Guid(02d4c99b191817a4c96b75d16b28da3a) Importer(815301076,1909f56bfc062723c751e8b465ee728b)
Start importing Assets/_Aliens/Materials/Alien2Mat.mat using Guid(02d4c99b191817a4c96b75d16b28da3a) Importer(815301076,1909f56bfc062723c751e8b465ee728b)  -> (artifact id: 'a5ed98e3763d2b77684b551bba0073ec') in 1.371685 seconds 
========================================================================
Received Import Request.
  Time since last request: 0.000059 seconds.
  path: Assets/_Aliens/Materials/Alien5Mat.mat
  artifactKey: Guid(35c3515ee336f4045850eee37a5ac969) Importer(815301076,1909f56bfc062723c751e8b465ee728b)
Start importing Assets/_Aliens/Materials/Alien5Mat.mat using Guid(35c3515ee336f4045850eee37a5ac969) Importer(815301076,1909f56bfc062723c751e8b465ee728b)  -> (artifact id: 'aa929ab40b6eafd2282ef022a84fa0c4') in 0.026587 seconds 
========================================================================
Received Import Request.
  Time since last request: 0.000056 seconds.
  path: Assets/_Aliens/Materials/Alien7Mat.mat
  artifactKey: Guid(294b544b9c4273e40b859ec46aaeea46) Importer(815301076,1909f56bfc062723c751e8b465ee728b)
Start importing Assets/_Aliens/Materials/Alien7Mat.mat using Guid(294b544b9c4273e40b859ec46aaeea46) Importer(815301076,1909f56bfc062723c751e8b465ee728b)  -> (artifact id: 'f35e8e051aa2c2ecba40ec2421503bf1') in 0.024151 seconds 
========================================================================
Received Import Request.
  Time since last request: 0.000045 seconds.
  path: Assets/_Aliens/Materials/Alien8Mat.mat
  artifactKey: Guid(6e953385f2f3fb64889f972290dae730) Importer(815301076,1909f56bfc062723c751e8b465ee728b)
Start importing Assets/_Aliens/Materials/Alien8Mat.mat using Guid(6e953385f2f3fb64889f972290dae730) Importer(815301076,1909f56bfc062723c751e8b465ee728b)  -> (artifact id: '0618c78927041a63b32b70561ccb729d') in 0.027010 seconds 
========================================================================
Received Import Request.
  Time since last request: 0.000047 seconds.
  path: Assets/_Aliens/Materials/Alien3Mat.mat
  artifactKey: Guid(627e1eb06c31d034c873c0bd65e7c01e) Importer(815301076,1909f56bfc062723c751e8b465ee728b)
Start importing Assets/_Aliens/Materials/Alien3Mat.mat using Guid(627e1eb06c31d034c873c0bd65e7c01e) Importer(815301076,1909f56bfc062723c751e8b465ee728b)  -> (artifact id: '3b58589b241f9efc1f60b7ddde920646') in 0.023474 seconds 
========================================================================
Received Import Request.
  Time since last request: 0.000050 seconds.
  path: Assets/_Aliens/Materials/Alien6Mat.mat
  artifactKey: Guid(aa3e00549695d5e4b8b2a6caea65c540) Importer(815301076,1909f56bfc062723c751e8b465ee728b)
Start importing Assets/_Aliens/Materials/Alien6Mat.mat using Guid(aa3e00549695d5e4b8b2a6caea65c540) Importer(815301076,1909f56bfc062723c751e8b465ee728b)  -> (artifact id: 'ef58f16120d0d8f65d8b99f67d72dfc9') in 0.023267 seconds 
========================================================================
Received Import Request.
  Time since last request: 0.000041 seconds.
  path: Assets/_Aliens/Materials/Alien10Mat.mat
  artifactKey: Guid(057ccf76d42d5694bb7e5269bd4127e7) Importer(815301076,1909f56bfc062723c751e8b465ee728b)
Start importing Assets/_Aliens/Materials/Alien10Mat.mat using Guid(057ccf76d42d5694bb7e5269bd4127e7) Importer(815301076,1909f56bfc062723c751e8b465ee728b)  -> (artifact id: '4a9d64c0a2f538645699267838ed2aa9') in 0.023550 seconds 
========================================================================
Received Import Request.
  Time since last request: 0.000051 seconds.
  path: Assets/_Aliens/Materials/Alien4Mat.mat
  artifactKey: Guid(2ad726f928ed3a549aa52c36072bada0) Importer(815301076,1909f56bfc062723c751e8b465ee728b)
Start importing Assets/_Aliens/Materials/Alien4Mat.mat using Guid(2ad726f928ed3a549aa52c36072bada0) Importer(815301076,1909f56bfc062723c751e8b465ee728b)  -> (artifact id: '2073aff2084e083e084251d8dbefeeee') in 0.024036 seconds 
========================================================================
Received Import Request.
  Time since last request: 1.799622 seconds.
  path: Assets/_Aliens/Alien_8/Alien_8_Head.prefab
  artifactKey: Guid(f2a24bc11c40d3345bea76ef3acd2fc4) Importer(815301076,1909f56bfc062723c751e8b465ee728b)
Start importing Assets/_Aliens/Alien_8/Alien_8_Head.prefab using Guid(f2a24bc11c40d3345bea76ef3acd2fc4) Importer(815301076,1909f56bfc062723c751e8b465ee728b)  -> (artifact id: 'd75bd077edcd045b70a179ac93b983cc') in 0.067107 seconds 
========================================================================
Received Import Request.
  Time since last request: 9.407886 seconds.
  path: Assets/_Aliens/Alien_8/Alien_8_Head.prefab
  artifactKey: Guid(f2a24bc11c40d3345bea76ef3acd2fc4) Importer(815301076,1909f56bfc062723c751e8b465ee728b)
Start importing Assets/_Aliens/Alien_8/Alien_8_Head.prefab using Guid(f2a24bc11c40d3345bea76ef3acd2fc4) Importer(815301076,1909f56bfc062723c751e8b465ee728b)  -> (artifact id: 'd81d9add53a8b06fe7ea83d66c0f2762') in 0.038482 seconds 
========================================================================
Received Import Request.
  Time since last request: 80.700798 seconds.
  path: Assets/_Aliens/Alien_1/Alien_1_Head.prefab
  artifactKey: Guid(a4319409ecdba49409bf443dfdedb664) Importer(815301076,1909f56bfc062723c751e8b465ee728b)
Start importing Assets/_Aliens/Alien_1/Alien_1_Head.prefab using Guid(a4319409ecdba49409bf443dfdedb664) Importer(815301076,1909f56bfc062723c751e8b465ee728b)  -> (artifact id: '16c261fca85ccbb96fc7ec765cef8a52') in 0.044492 seconds 
========================================================================
Received Import Request.
  Time since last request: 0.000034 seconds.
  path: Assets/Vast Outer Space/Prefabs/Asteroids/Asteroid_G.prefab
  artifactKey: Guid(c49caf18677eba3478784cd2f08b98b8) Importer(815301076,1909f56bfc062723c751e8b465ee728b)
Start importing Assets/Vast Outer Space/Prefabs/Asteroids/Asteroid_G.prefab using Guid(c49caf18677eba3478784cd2f08b98b8) Importer(815301076,1909f56bfc062723c751e8b465ee728b)  -> (artifact id: '2d40678f101eba1331fd0dccb12162da') in 0.074080 seconds 
========================================================================
Received Import Request.
  Time since last request: 0.000033 seconds.
  path: Assets/Vast Outer Space/Prefabs/Particle Effects/Asteroids_Scattered_A.prefab
  artifactKey: Guid(b5ced9f6acfedcf42ba0cd4672b305ce) Importer(815301076,1909f56bfc062723c751e8b465ee728b)
Start importing Assets/Vast Outer Space/Prefabs/Particle Effects/Asteroids_Scattered_A.prefab using Guid(b5ced9f6acfedcf42ba0cd4672b305ce) Importer(815301076,1909f56bfc062723c751e8b465ee728b)  -> (artifact id: '52a47785a0411a6c12556dc222565901') in 0.035089 seconds 
========================================================================
Received Import Request.
  Time since last request: 0.000054 seconds.
  path: Assets/Asteroids Pack/Assets/Prefabs/Asteroid 1.prefab
  artifactKey: Guid(fa49e460baf435b4780da7196c2ab473) Importer(815301076,1909f56bfc062723c751e8b465ee728b)
Start importing Assets/Asteroids Pack/Assets/Prefabs/Asteroid 1.prefab using Guid(fa49e460baf435b4780da7196c2ab473) Importer(815301076,1909f56bfc062723c751e8b465ee728b)  -> (artifact id: '9d33c4b721f18e4d068e0d8af0b9bff4') in 0.020982 seconds 
========================================================================
Received Import Request.
  Time since last request: 0.000028 seconds.
  path: Packages/com.unity.render-pipelines.core/Runtime/Debugging/Prefabs/Widgets/DebugUIFoldout.prefab
  artifactKey: Guid(1c87ab2ce8b8b304d98fbe9a734b1f74) Importer(815301076,1909f56bfc062723c751e8b465ee728b)
Start importing Packages/com.unity.render-pipelines.core/Runtime/Debugging/Prefabs/Widgets/DebugUIFoldout.prefab using Guid(1c87ab2ce8b8b304d98fbe9a734b1f74) Importer(815301076,1909f56bfc062723c751e8b465ee728b)  -> (artifact id: '6e8c21337b4523666ed511052cec4fe1') in 0.021366 seconds 
========================================================================
Received Import Request.
  Time since last request: 0.000037 seconds.
  path: Assets/_Aliens/Alien_7/Alien_7_Torso.prefab
  artifactKey: Guid(c992d24efddcc1f4a90f9c30aefdfda3) Importer(815301076,1909f56bfc062723c751e8b465ee728b)
Start importing Assets/_Aliens/Alien_7/Alien_7_Torso.prefab using Guid(c992d24efddcc1f4a90f9c30aefdfda3) Importer(815301076,1909f56bfc062723c751e8b465ee728b)  -> (artifact id: '865a0a547468946529428d0b805ac1ff') in 0.041015 seconds 
========================================================================
Received Import Request.
  Time since last request: 0.000028 seconds.
  path: Assets/Asteroids Pack/Assets/Prefabs/Asteroid 2.prefab
  artifactKey: Guid(84cc3cd234dfc9d4d9d2e92c0eb0af75) Importer(815301076,1909f56bfc062723c751e8b465ee728b)
Start importing Assets/Asteroids Pack/Assets/Prefabs/Asteroid 2.prefab using Guid(84cc3cd234dfc9d4d9d2e92c0eb0af75) Importer(815301076,1909f56bfc062723c751e8b465ee728b)  -> (artifact id: '3a4922e308b9344aa5fb275e7c27ca7b') in 0.017550 seconds 
========================================================================
Received Import Request.
  Time since last request: 0.000036 seconds.
  path: Assets/Planets of the Solar System 3D/Geometry/Earth.fbx
  artifactKey: Guid(1d1efd74961b744cca932e0880b5eb4d) Importer(815301076,1909f56bfc062723c751e8b465ee728b)
Start importing Assets/Planets of the Solar System 3D/Geometry/Earth.fbx using Guid(1d1efd74961b744cca932e0880b5eb4d) Importer(815301076,1909f56bfc062723c751e8b465ee728b)  -> (artifact id: 'b776254e6bd7b2ee5a318596b1fd274d') in 1.126912 seconds 
========================================================================
Received Import Request.
  Time since last request: 0.000032 seconds.
  path: Assets/JMO Assets/Cartoon FX Remaster/CFXR Prefabs/Explosions/CFXR2 WW Canon Muzzle Flash.prefab
  artifactKey: Guid(6adf96080a3fd6740b8efb9a106d5d8e) Importer(815301076,1909f56bfc062723c751e8b465ee728b)
Start importing Assets/JMO Assets/Cartoon FX Remaster/CFXR Prefabs/Explosions/CFXR2 WW Canon Muzzle Flash.prefab using Guid(6adf96080a3fd6740b8efb9a106d5d8e) Importer(815301076,1909f56bfc062723c751e8b465ee728b)  -> (artifact id: 'ff312d68ac182d407eeced7318a2d023') in 0.108247 seconds 
========================================================================
Received Import Request.
  Time since last request: 0.000052 seconds.
  path: Assets/Prefabs/Bullet.prefab
  artifactKey: Guid(636baf1c0ac0dc541b8a865ebbd8ebfd) Importer(815301076,1909f56bfc062723c751e8b465ee728b)
Start importing Assets/Prefabs/Bullet.prefab using Guid(636baf1c0ac0dc541b8a865ebbd8ebfd) Importer(815301076,1909f56bfc062723c751e8b465ee728b)  -> (artifact id: 'be6b0f762dccbe89b51ba4faaf1217ce') in 0.010656 seconds 
========================================================================
Received Import Request.
  Time since last request: 0.000038 seconds.
  path: Assets/JMO Assets/Cartoon FX Remaster/CFXR Assets/Graphics/cfxr spikes impact add.mat
  artifactKey: Guid(04d0f020002082e4db140d8c0954e83e) Importer(815301076,1909f56bfc062723c751e8b465ee728b)
Start importing Assets/JMO Assets/Cartoon FX Remaster/CFXR Assets/Graphics/cfxr spikes impact add.mat using Guid(04d0f020002082e4db140d8c0954e83e) Importer(815301076,1909f56bfc062723c751e8b465ee728b)  -> (artifact id: '062a367d68ee1bed7f0003a15ba2d0d2') in 0.059603 seconds 
========================================================================
Received Import Request.
  Time since last request: 0.000028 seconds.
  path: Assets/Vast Outer Space/Materials/Asteroid_B.mat
  artifactKey: Guid(78fa8c6cf8494a8458e481f9665233b4) Importer(815301076,1909f56bfc062723c751e8b465ee728b)
Start importing Assets/Vast Outer Space/Materials/Asteroid_B.mat using Guid(78fa8c6cf8494a8458e481f9665233b4) Importer(815301076,1909f56bfc062723c751e8b465ee728b)  -> (artifact id: '27249681c8ac54b27c295f1e5886af14') in 0.027559 seconds 
========================================================================
Received Import Request.
  Time since last request: 0.000027 seconds.
  path: Assets/Vast Outer Space/Materials/Asteroid_E.mat
  artifactKey: Guid(faf502faf7e5c414d89caa4b6b589720) Importer(815301076,1909f56bfc062723c751e8b465ee728b)
Start importing Assets/Vast Outer Space/Materials/Asteroid_E.mat using Guid(faf502faf7e5c414d89caa4b6b589720) Importer(815301076,1909f56bfc062723c751e8b465ee728b)  -> (artifact id: '3277427d1000c3c37c8135dcc4ca6d8b') in 0.014469 seconds 
========================================================================
Received Import Request.
  Time since last request: 0.000032 seconds.
  path: Assets/Ultimate 10 Plus Shaders/3D Models/Grass_Mesh.fbx
  artifactKey: Guid(446648e11dc37c4458f9af0b19ebb9d1) Importer(815301076,1909f56bfc062723c751e8b465ee728b)
Start importing Assets/Ultimate 10 Plus Shaders/3D Models/Grass_Mesh.fbx using Guid(446648e11dc37c4458f9af0b19ebb9d1) Importer(815301076,1909f56bfc062723c751e8b465ee728b)  -> (artifact id: '0badc965a14f9d76b62203de8b63a021') in 0.022960 seconds 
========================================================================
Received Import Request.
  Time since last request: 0.000035 seconds.
  path: Assets/JMO Assets/Cartoon FX Remaster/CFXR Assets/Graphics/cfxr stretch trait hdr ab nosp.mat
  artifactKey: Guid(20fdd157129f03a40ae447534dd4603c) Importer(815301076,1909f56bfc062723c751e8b465ee728b)
Start importing Assets/JMO Assets/Cartoon FX Remaster/CFXR Assets/Graphics/cfxr stretch trait hdr ab nosp.mat using Guid(20fdd157129f03a40ae447534dd4603c) Importer(815301076,1909f56bfc062723c751e8b465ee728b)  -> (artifact id: '02ddd00a3ad934bf0dc79658985884be') in 0.062116 seconds 
========================================================================
Received Import Request.
  Time since last request: 0.000030 seconds.
  path: Assets/Planets of the Solar System 3D/Prefabs/Asteroids Sphere.prefab
  artifactKey: Guid(05f83c52d1bc44293a6b0b2bee748289) Importer(815301076,1909f56bfc062723c751e8b465ee728b)
Start importing Assets/Planets of the Solar System 3D/Prefabs/Asteroids Sphere.prefab using Guid(05f83c52d1bc44293a6b0b2bee748289) Importer(815301076,1909f56bfc062723c751e8b465ee728b)  -> (artifact id: 'ef1ccb93e21093b98707ce285a2a1059') in 0.964931 seconds 
========================================================================
Received Import Request.
  Time since last request: 0.000046 seconds.
  path: Assets/_Aliens/Alien_2/Alien_2_Legs.prefab
  artifactKey: Guid(87f11304643e64640bd0d364408216bd) Importer(815301076,1909f56bfc062723c751e8b465ee728b)
Start importing Assets/_Aliens/Alien_2/Alien_2_Legs.prefab using Guid(87f11304643e64640bd0d364408216bd) Importer(815301076,1909f56bfc062723c751e8b465ee728b)  -> (artifact id: 'aab97e317f412415234cef59099da488') in 0.030951 seconds 
========================================================================
Received Import Request.
  Time since last request: 0.000030 seconds.
  path: Assets/TextMesh Pro/Examples & Extras/Resources/Fonts & Materials/Anton SDF.asset
  artifactKey: Guid(8a89fa14b10d46a99122fd4f73fca9a2) Importer(815301076,1909f56bfc062723c751e8b465ee728b)
Start importing Assets/TextMesh Pro/Examples & Extras/Resources/Fonts & Materials/Anton SDF.asset using Guid(8a89fa14b10d46a99122fd4f73fca9a2) Importer(815301076,1909f56bfc062723c751e8b465ee728b)  -> (artifact id: '4242c34e3ef81699b7adf8a74a848c44') in 0.039132 seconds 
========================================================================
Received Import Request.
  Time since last request: 0.000027 seconds.
  path: Assets/TextMesh Pro/Examples & Extras/Resources/Fonts & Materials/Anton SDF - Drop Shadow.mat
  artifactKey: Guid(749b9069dc4742c5bfa5c74644049926) Importer(815301076,1909f56bfc062723c751e8b465ee728b)
Start importing Assets/TextMesh Pro/Examples & Extras/Resources/Fonts & Materials/Anton SDF - Drop Shadow.mat using Guid(749b9069dc4742c5bfa5c74644049926) Importer(815301076,1909f56bfc062723c751e8b465ee728b)  -> (artifact id: '92022302b853cf96543c90b7ff159d07') in 0.009998 seconds 
========================================================================
Received Import Request.
  Time since last request: 0.000034 seconds.
  path: Assets/MagicArsenal/Effects/Prefabs/Aura/AuraRing/AuraRingLightning.prefab
  artifactKey: Guid(3ad6bfa98890e2f428a6d97d2453b26c) Importer(815301076,1909f56bfc062723c751e8b465ee728b)
Start importing Assets/MagicArsenal/Effects/Prefabs/Aura/AuraRing/AuraRingLightning.prefab using Guid(3ad6bfa98890e2f428a6d97d2453b26c) Importer(815301076,1909f56bfc062723c751e8b465ee728b)  -> (artifact id: 'f8441085bb177cc3d8df532209577e3e') in 0.018606 seconds 
========================================================================
Received Import Request.
  Time since last request: 0.000033 seconds.
  path: Assets/JMO Assets/Cartoon FX Remaster/CFXR Prefabs/Explosions/CFXR2 Canon Muzzle Flash.prefab
  artifactKey: Guid(3b7507cbf49a98548a9440443ee9d843) Importer(815301076,1909f56bfc062723c751e8b465ee728b)
Start importing Assets/JMO Assets/Cartoon FX Remaster/CFXR Prefabs/Explosions/CFXR2 Canon Muzzle Flash.prefab using Guid(3b7507cbf49a98548a9440443ee9d843) Importer(815301076,1909f56bfc062723c751e8b465ee728b)  -> (artifact id: 'a49129850456e57a405ac3eb0508e8e3') in 0.287757 seconds 
========================================================================
Received Import Request.
  Time since last request: 0.000043 seconds.
  path: Assets/JMO Assets/Cartoon FX Remaster/CFXR Assets/Graphics/cfxr magic star hdr ab.mat
  artifactKey: Guid(41e018a6cf0c896418fc0b89dda748c6) Importer(815301076,1909f56bfc062723c751e8b465ee728b)
Start importing Assets/JMO Assets/Cartoon FX Remaster/CFXR Assets/Graphics/cfxr magic star hdr ab.mat using Guid(41e018a6cf0c896418fc0b89dda748c6) Importer(815301076,1909f56bfc062723c751e8b465ee728b)  -> (artifact id: 'ab62e4225b2f47b7a1342630ce5147d2') in 0.084913 seconds 
========================================================================
Received Import Request.
  Time since last request: 0.000049 seconds.
  path: Assets/_Aliens/Alien_1/Alien_1_Torso.prefab
  artifactKey: Guid(359d720a07db4b44fb14129925f5378d) Importer(815301076,1909f56bfc062723c751e8b465ee728b)
Start importing Assets/_Aliens/Alien_1/Alien_1_Torso.prefab using Guid(359d720a07db4b44fb14129925f5378d) Importer(815301076,1909f56bfc062723c751e8b465ee728b)  -> (artifact id: '4b494abeda32aea6140d0ea641fdbec9') in 0.040893 seconds 
========================================================================
Received Import Request.
  Time since last request: 0.000033 seconds.
  path: Assets/TextMesh Pro/Examples & Extras/Resources/Fonts & Materials/Anton SDF - Sunny Days.mat
  artifactKey: Guid(6522f30e342599e4e9dd4cc2cc03c830) Importer(815301076,1909f56bfc062723c751e8b465ee728b)
Start importing Assets/TextMesh Pro/Examples & Extras/Resources/Fonts & Materials/Anton SDF - Sunny Days.mat using Guid(6522f30e342599e4e9dd4cc2cc03c830) Importer(815301076,1909f56bfc062723c751e8b465ee728b)  -> (artifact id: 'c3130309d2f7cef5c4553ae6e7ff271c') in 0.024698 seconds 
========================================================================
Received Import Request.
  Time since last request: 0.000029 seconds.
  path: Assets/JMO Assets/Cartoon FX Remaster/CFXR Assets/Graphics/cfxr proc ring hdr ab.mat
  artifactKey: Guid(a81df4963508f8c4e9c854c919c93b67) Importer(815301076,1909f56bfc062723c751e8b465ee728b)
Start importing Assets/JMO Assets/Cartoon FX Remaster/CFXR Assets/Graphics/cfxr proc ring hdr ab.mat using Guid(a81df4963508f8c4e9c854c919c93b67) Importer(815301076,1909f56bfc062723c751e8b465ee728b)  -> (artifact id: 'feaeee9f3157a73184d7cbd9d6322b57') in 0.072444 seconds 
========================================================================
Received Import Request.
  Time since last request: 0.000036 seconds.
  path: Assets/_Aliens/Materials/Alien8Mat.mat
  artifactKey: Guid(6e953385f2f3fb64889f972290dae730) Importer(815301076,1909f56bfc062723c751e8b465ee728b)
Start importing Assets/_Aliens/Materials/Alien8Mat.mat using Guid(6e953385f2f3fb64889f972290dae730) Importer(815301076,1909f56bfc062723c751e8b465ee728b)  -> (artifact id: '99ece93729d27f206e5e27c9fe6fed04') in 0.021876 seconds 
========================================================================
Received Import Request.
  Time since last request: 0.000032 seconds.
  path: Packages/com.unity.render-pipelines.core/Runtime/Debugging/Prefabs/Widgets/DebugUIColor.prefab
  artifactKey: Guid(77c185820dd1a464eac89cae3abccddf) Importer(815301076,1909f56bfc062723c751e8b465ee728b)
Start importing Packages/com.unity.render-pipelines.core/Runtime/Debugging/Prefabs/Widgets/DebugUIColor.prefab using Guid(77c185820dd1a464eac89cae3abccddf) Importer(815301076,1909f56bfc062723c751e8b465ee728b)  -> (artifact id: '4e6abe6ccad4b905dced5371b5e4f27a') in 0.010955 seconds 
========================================================================
Received Import Request.
  Time since last request: 0.000031 seconds.
  path: Assets/JMO Assets/Cartoon FX Remaster/CFXR Assets/Graphics/cfxr smoke cloud x4 ab lit crisp.mat
  artifactKey: Guid(7a76fd099da21c04eb9cf9233c27d709) Importer(815301076,1909f56bfc062723c751e8b465ee728b)
Start importing Assets/JMO Assets/Cartoon FX Remaster/CFXR Assets/Graphics/cfxr smoke cloud x4 ab lit crisp.mat using Guid(7a76fd099da21c04eb9cf9233c27d709) Importer(815301076,1909f56bfc062723c751e8b465ee728b)  -> (artifact id: '7fa8902c773d3ab9bfe95cb33bbce0e7') in 0.028056 seconds 
========================================================================
Received Import Request.
  Time since last request: 0.000044 seconds.
  path: Assets/_Aliens/Alien_2/Alien_2_Hands.prefab
  artifactKey: Guid(7655ef77eed6b824aab5e9d1ad7431cb) Importer(815301076,1909f56bfc062723c751e8b465ee728b)
Start importing Assets/_Aliens/Alien_2/Alien_2_Hands.prefab using Guid(7655ef77eed6b824aab5e9d1ad7431cb) Importer(815301076,1909f56bfc062723c751e8b465ee728b)  -> (artifact id: 'fe46f349a7bd311f545fb8ea7b41e8c8') in 0.035031 seconds 
========================================================================
Received Import Request.
  Time since last request: 0.000032 seconds.
  path: Assets/Ultimate 10 Plus Shaders/Materials/Unique/Edge Detection.mat
  artifactKey: Guid(5163aaefa1a39cf42976a0b69b193389) Importer(815301076,1909f56bfc062723c751e8b465ee728b)
Start importing Assets/Ultimate 10 Plus Shaders/Materials/Unique/Edge Detection.mat using Guid(5163aaefa1a39cf42976a0b69b193389) Importer(815301076,1909f56bfc062723c751e8b465ee728b) Shader properties can't be added to this global property sheet. Trying to add _GrabTexture (type 4 count 1)
UnityEngine.StackTraceUtility:ExtractStackTrace ()
UnityEngine.Rendering.ScriptableRenderContext:Submit_Internal ()
UnityEngine.Rendering.ScriptableRenderContext:Submit ()
UnityEngine.Rendering.Universal.UniversalRenderPipeline:RenderSingleCamera (UnityEngine.Rendering.ScriptableRenderContext,UnityEngine.Rendering.Universal.CameraData,bool) (at Library/PackageCache/com.unity.render-pipelines.universal@12.1.11/Runtime/UniversalRenderPipeline.cs:446)
UnityEngine.Rendering.Universal.UniversalRenderPipeline:RenderSingleCamera (UnityEngine.Rendering.ScriptableRenderContext,UnityEngine.Camera) (at Library/PackageCache/com.unity.render-pipelines.universal@12.1.11/Runtime/UniversalRenderPipeline.cs:339)
UnityEngine.Rendering.Universal.UniversalRenderPipeline:Render (UnityEngine.Rendering.ScriptableRenderContext,System.Collections.Generic.List`1<UnityEngine.Camera>) (at Library/PackageCache/com.unity.render-pipelines.universal@12.1.11/Runtime/UniversalRenderPipeline.cs:294)
UnityEngine.Rendering.RenderPipeline:InternalRender (UnityEngine.Rendering.ScriptableRenderContext,System.Collections.Generic.List`1<UnityEngine.Camera>)
UnityEngine.Rendering.RenderPipelineManager:DoRenderLoop_Internal (UnityEngine.Rendering.RenderPipelineAsset,intptr,System.Collections.Generic.List`1<UnityEngine.Camera/RenderRequest>,Unity.Collections.LowLevel.Unsafe.AtomicSafetyHandle)
UnityEditor.PreviewRenderUtility:Render (bool,bool)
UnityEditor.MaterialEditor:DoRenderPreview (UnityEditor.PreviewRenderUtility,bool)
UnityEditor.MaterialEditor:RenderStaticPreview (string,UnityEngine.Object[],int,int)
UnityEditor.AssetPreviewUpdater:CreatePreview (UnityEngine.Object,UnityEngine.Object[],string,int,int)
UnityEditor.AssetPreviewUpdater:CreatePreviewForAsset (UnityEngine.Object,UnityEngine.Object[],string)

[Library/PackageCache/com.unity.render-pipelines.universal@12.1.11/Runtime/UniversalRenderPipeline.cs line 446]

Shader properties can't be added to this global property sheet. Trying to add _GrabTexture_ST (type 2 count 1)
UnityEngine.StackTraceUtility:ExtractStackTrace ()
UnityEngine.Rendering.ScriptableRenderContext:Submit_Internal ()
UnityEngine.Rendering.ScriptableRenderContext:Submit ()
UnityEngine.Rendering.Universal.UniversalRenderPipeline:RenderSingleCamera (UnityEngine.Rendering.ScriptableRenderContext,UnityEngine.Rendering.Universal.CameraData,bool) (at Library/PackageCache/com.unity.render-pipelines.universal@12.1.11/Runtime/UniversalRenderPipeline.cs:446)
UnityEngine.Rendering.Universal.UniversalRenderPipeline:RenderSingleCamera (UnityEngine.Rendering.ScriptableRenderContext,UnityEngine.Camera) (at Library/PackageCache/com.unity.render-pipelines.universal@12.1.11/Runtime/UniversalRenderPipeline.cs:339)
UnityEngine.Rendering.Universal.UniversalRenderPipeline:Render (UnityEngine.Rendering.ScriptableRenderContext,System.Collections.Generic.List`1<UnityEngine.Camera>) (at Library/PackageCache/com.unity.render-pipelines.universal@12.1.11/Runtime/UniversalRenderPipeline.cs:294)
UnityEngine.Rendering.RenderPipeline:InternalRender (UnityEngine.Rendering.ScriptableRenderContext,System.Collections.Generic.List`1<UnityEngine.Camera>)
UnityEngine.Rendering.RenderPipelineManager:DoRenderLoop_Internal (UnityEngine.Rendering.RenderPipelineAsset,intptr,System.Collections.Generic.List`1<UnityEngine.Camera/RenderRequest>,Unity.Collections.LowLevel.Unsafe.AtomicSafetyHandle)
UnityEditor.PreviewRenderUtility:Render (bool,bool)
UnityEditor.MaterialEditor:DoRenderPreview (UnityEditor.PreviewRenderUtility,bool)
UnityEditor.MaterialEditor:RenderStaticPreview (string,UnityEngine.Object[],int,int)
UnityEditor.AssetPreviewUpdater:CreatePreview (UnityEngine.Object,UnityEngine.Object[],string,int,int)
UnityEditor.AssetPreviewUpdater:CreatePreviewForAsset (UnityEngine.Object,UnityEngine.Object[],string)

[Library/PackageCache/com.unity.render-pipelines.universal@12.1.11/Runtime/UniversalRenderPipeline.cs line 446]

Shader properties can't be added to this global property sheet. Trying to add _GrabTexture_TexelSize (type 2 count 1)
UnityEngine.StackTraceUtility:ExtractStackTrace ()
UnityEngine.Rendering.ScriptableRenderContext:Submit_Internal ()
UnityEngine.Rendering.ScriptableRenderContext:Submit ()
UnityEngine.Rendering.Universal.UniversalRenderPipeline:RenderSingleCamera (UnityEngine.Rendering.ScriptableRenderContext,UnityEngine.Rendering.Universal.CameraData,bool) (at Library/PackageCache/com.unity.render-pipelines.universal@12.1.11/Runtime/UniversalRenderPipeline.cs:446)
UnityEngine.Rendering.Universal.UniversalRenderPipeline:RenderSingleCamera (UnityEngine.Rendering.ScriptableRenderContext,UnityEngine.Camera) (at Library/PackageCache/com.unity.render-pipelines.universal@12.1.11/Runtime/UniversalRenderPipeline.cs:339)
UnityEngine.Rendering.Universal.UniversalRenderPipeline:Render (UnityEngine.Rendering.ScriptableRenderContext,System.Collections.Generic.List`1<UnityEngine.Camera>) (at Library/PackageCache/com.unity.render-pipelines.universal@12.1.11/Runtime/UniversalRenderPipeline.cs:294)
UnityEngine.Rendering.RenderPipeline:InternalRender (UnityEngine.Rendering.ScriptableRenderContext,System.Collections.Generic.List`1<UnityEngine.Camera>)
UnityEngine.Rendering.RenderPipelineManager:DoRenderLoop_Internal (UnityEngine.Rendering.RenderPipelineAsset,intptr,System.Collections.Generic.List`1<UnityEngine.Camera/RenderRequest>,Unity.Collections.LowLevel.Unsafe.AtomicSafetyHandle)
UnityEditor.PreviewRenderUtility:Render (bool,bool)
UnityEditor.MaterialEditor:DoRenderPreview (UnityEditor.PreviewRenderUtility,bool)
UnityEditor.MaterialEditor:RenderStaticPreview (string,UnityEngine.Object[],int,int)
UnityEditor.AssetPreviewUpdater:CreatePreview (UnityEngine.Object,UnityEngine.Object[],string,int,int)
UnityEditor.AssetPreviewUpdater:CreatePreviewForAsset (UnityEngine.Object,UnityEngine.Object[],string)

[Library/PackageCache/com.unity.render-pipelines.universal@12.1.11/Runtime/UniversalRenderPipeline.cs line 446]

Shader properties can't be added to this global property sheet. Trying to add _GrabTexture_HDR (type 2 count 1)
UnityEngine.StackTraceUtility:ExtractStackTrace ()
UnityEngine.Rendering.ScriptableRenderContext:Submit_Internal ()
UnityEngine.Rendering.ScriptableRenderContext:Submit ()
UnityEngine.Rendering.Universal.UniversalRenderPipeline:RenderSingleCamera (UnityEngine.Rendering.ScriptableRenderContext,UnityEngine.Rendering.Universal.CameraData,bool) (at Library/PackageCache/com.unity.render-pipelines.universal@12.1.11/Runtime/UniversalRenderPipeline.cs:446)
UnityEngine.Rendering.Universal.UniversalRenderPipeline:RenderSingleCamera (UnityEngine.Rendering.ScriptableRenderContext,UnityEngine.Camera) (at Library/PackageCache/com.unity.render-pipelines.universal@12.1.11/Runtime/UniversalRenderPipeline.cs:339)
UnityEngine.Rendering.Universal.UniversalRenderPipeline:Render (UnityEngine.Rendering.ScriptableRenderContext,System.Collections.Generic.List`1<UnityEngine.Camera>) (at Library/PackageCache/com.unity.render-pipelines.universal@12.1.11/Runtime/UniversalRenderPipeline.cs:294)
UnityEngine.Rendering.RenderPipeline:InternalRender (UnityEngine.Rendering.ScriptableRenderContext,System.Collections.Generic.List`1<UnityEngine.Camera>)
UnityEngine.Rendering.RenderPipelineManager:DoRenderLoop_Internal (UnityEngine.Rendering.RenderPipelineAsset,intptr,System.Collections.Generic.List`1<UnityEngine.Camera/RenderRequest>,Unity.Collections.LowLevel.Unsafe.AtomicSafetyHandle)
UnityEditor.PreviewRenderUtility:Render (bool,bool)
UnityEditor.MaterialEditor:DoRenderPreview (UnityEditor.PreviewRenderUtility,bool)
UnityEditor.MaterialEditor:RenderStaticPreview (string,UnityEngine.Object[],int,int)
UnityEditor.AssetPreviewUpdater:CreatePreview (UnityEngine.Object,UnityEngine.Object[],string,int,int)
UnityEditor.AssetPreviewUpdater:CreatePreviewForAsset (UnityEngine.Object,UnityEngine.Object[],string)

[Library/PackageCache/com.unity.render-pipelines.universal@12.1.11/Runtime/UniversalRenderPipeline.cs line 446]

 -> (artifact id: 'ae466cd6d61b9826d328a0f2152b1c16') in 0.012055 seconds 
========================================================================
Received Import Request.
  Time since last request: 0.000033 seconds.
  path: Assets/_Aliens/Alien_4/Alien_4_Hands.prefab
  artifactKey: Guid(c3fcb1dd0b18b94458a0fe8599e55377) Importer(815301076,1909f56bfc062723c751e8b465ee728b)
Start importing Assets/_Aliens/Alien_4/Alien_4_Hands.prefab using Guid(c3fcb1dd0b18b94458a0fe8599e55377) Importer(815301076,1909f56bfc062723c751e8b465ee728b)  -> (artifact id: 'c82090a165cc62c9569451e66027e8eb') in 0.043502 seconds 
========================================================================
Received Import Request.
  Time since last request: 0.000030 seconds.
  path: Assets/_Aliens/Alien_7/Alien_7_Head.prefab
  artifactKey: Guid(35109e2f97488514c9efdca9939daf97) Importer(815301076,1909f56bfc062723c751e8b465ee728b)
Start importing Assets/_Aliens/Alien_7/Alien_7_Head.prefab using Guid(35109e2f97488514c9efdca9939daf97) Importer(815301076,1909f56bfc062723c751e8b465ee728b)  -> (artifact id: '4ba7f08b294b954e54a79f6d53d3df28') in 0.042526 seconds 
========================================================================
Received Import Request.
  Time since last request: 0.000048 seconds.
  path: Assets/Vast Outer Space/Materials/Asteroid_D.mat
  artifactKey: Guid(535a9a8f731dfd544b3bfd12756e002f) Importer(815301076,1909f56bfc062723c751e8b465ee728b)
Start importing Assets/Vast Outer Space/Materials/Asteroid_D.mat using Guid(535a9a8f731dfd544b3bfd12756e002f) Importer(815301076,1909f56bfc062723c751e8b465ee728b)  -> (artifact id: '3fa9a9833663e08ca402e867b69458be') in 0.013671 seconds 
========================================================================
Received Import Request.
  Time since last request: 0.000031 seconds.
  path: Assets/Planet Earth Free/Materials/Earth2kMaterial.mat
  artifactKey: Guid(eff9dc043a18eb344a8795d3e20ab108) Importer(815301076,1909f56bfc062723c751e8b465ee728b)
Start importing Assets/Planet Earth Free/Materials/Earth2kMaterial.mat using Guid(eff9dc043a18eb344a8795d3e20ab108) Importer(815301076,1909f56bfc062723c751e8b465ee728b)  -> (artifact id: '309d8a63430296269551cf1b21860a21') in 0.031342 seconds 
========================================================================
Received Import Request.
  Time since last request: 0.000043 seconds.
  path: Assets/_Aliens/Alien_2/Alien_2_Head.prefab
  artifactKey: Guid(afe231a839cf06143b404879152946cd) Importer(815301076,1909f56bfc062723c751e8b465ee728b)
Start importing Assets/_Aliens/Alien_2/Alien_2_Head.prefab using Guid(afe231a839cf06143b404879152946cd) Importer(815301076,1909f56bfc062723c751e8b465ee728b)  -> (artifact id: '264cb4f99b23a5e07641612d43be8df4') in 0.030312 seconds 
========================================================================
Received Import Request.
  Time since last request: 26.509398 seconds.
  path: Assets/Vast Outer Space/Meshes/Galaxies_and_Nebulae.fbx
  artifactKey: Guid(0e93fe3bf6b9ebd48857f39dfa5b9def) Importer(815301076,1909f56bfc062723c751e8b465ee728b)
Start importing Assets/Vast Outer Space/Meshes/Galaxies_and_Nebulae.fbx using Guid(0e93fe3bf6b9ebd48857f39dfa5b9def) Importer(815301076,1909f56bfc062723c751e8b465ee728b)  -> (artifact id: '4e2000b9755bf324db4e7a1aba82e54e') in 0.120224 seconds 
========================================================================
Received Import Request.
  Time since last request: 0.000032 seconds.
  path: Assets/Vast Outer Space/Meshes/Planet_Rings.fbx
  artifactKey: Guid(8ac9969cd5be28241b55dbf277b11b63) Importer(815301076,1909f56bfc062723c751e8b465ee728b)
Start importing Assets/Vast Outer Space/Meshes/Planet_Rings.fbx using Guid(8ac9969cd5be28241b55dbf277b11b63) Importer(815301076,1909f56bfc062723c751e8b465ee728b)  -> (artifact id: 'ef74918cee78acbf6836c77180147804') in 0.471475 seconds 
========================================================================
Received Prepare
Registering precompiled user dll's ...
Registered in 0.008260 seconds.
Begin MonoManager ReloadAssembly
Symbol file LoadedFromMemory doesn't match image E:\Build-An-Alien\Build An Alien\Library\PackageCache\com.unity.visualscripting@1.8.0\Editor\VisualScripting.Core\Dependencies\YamlDotNet\Unity.VisualScripting.YamlDotNet.dll
Symbol file LoadedFromMemory doesn't match image E:\Build-An-Alien\Build An Alien\Library\PackageCache\com.unity.visualscripting@1.8.0\Editor\VisualScripting.Core\Dependencies\DotNetZip\Unity.VisualScripting.IonicZip.dll
Native extension for WindowsStandalone target not found
Native extension for WebGL target not found
Refreshing native plugins compatible for Editor in 2.06 ms, found 3 plugins.
Preloading 0 native plugins for Editor in 0.00 ms.
Mono: successfully reloaded assembly
- Completed reload, in  1.944 seconds
Domain Reload Profiling:
	ReloadAssembly (1945ms)
		BeginReloadAssembly (202ms)
			ExecutionOrderSort (0ms)
			DisableScriptedObjects (10ms)
			BackupInstance (0ms)
			ReleaseScriptingObjects (0ms)
			CreateAndSetChildDomain (64ms)
		EndReloadAssembly (1604ms)
			LoadAssemblies (140ms)
			RebuildTransferFunctionScriptingTraits (0ms)
			SetupTypeCache (502ms)
			ReleaseScriptCaches (4ms)
			RebuildScriptCaches (142ms)
			SetupLoadedEditorAssemblies (698ms)
				LogAssemblyErrors (0ms)
				InitializePlatformSupportModulesInManaged (9ms)
				SetLoadedEditorAssemblies (1ms)
				RefreshPlugins (2ms)
				BeforeProcessingInitializeOnLoad (135ms)
				ProcessInitializeOnLoadAttributes (424ms)
				ProcessInitializeOnLoadMethodAttributes (120ms)
				AfterProcessingInitializeOnLoad (6ms)
				EditorAssembliesLoaded (0ms)
			ExecutionOrderSort2 (0ms)
			AwakeInstancesAfterBackupRestoration (21ms)
Platform modules already initialized, skipping
Refreshing native plugins compatible for Editor in 3.14 ms, found 3 plugins.
Preloading 0 native plugins for Editor in 0.00 ms.
Unloading 5695 Unused Serialized files (Serialized files now loaded: 0)
Unloading 45 unused Assets / (2.9 MB). Loaded Objects now: 6512.
Memory consumption went from 253.6 MB to 250.7 MB.
Total: 6.426100 ms (FindLiveObjects: 0.660200 ms CreateObjectMapping: 0.211400 ms MarkObjects: 4.460500 ms  DeleteObjects: 1.092500 ms)

AssetImportParameters requested are different than current active one (requested -> active):
  custom:video-decoder-ogg-theora: a1e56fd34408186e4bbccfd4996cb3dc -> 
  custom:container-muxer-webm: aa71ff27fc2769a1b78a27578f13a17b -> 
  custom:container-demuxer-webm: 4f35f7cbe854078d1ac9338744f61a02 -> 
  custom:video-encoder-webm-vp8: eb34c28f22e8b96e1ab97ce403110664 -> 
  custom:audio-encoder-webm-vorbis: bf7c407c2cedff20999df2af8eb42d56 -> 
  custom:framework-win-MediaFoundation: 216162199b28c13a410421893ffa2e32 -> 
  custom:container-demuxer-ogg: 62fdf1f143b41e24485cea50d1cbac27 -> 
  custom:video-decoder-webm-vp8: 9c59270c3fd7afecdb556c50c9e8de78 -> 
  custom:audio-decoder-ogg-vorbis: bf7c407c2cedff20999df2af8eb42d56 -> 
Editor requested this worker to shutdown with reason: Scaling down because of idle timeout
AssetImportWorker is now disconnected from the server
Process exiting
Exiting without the bug reporter. Application will terminate with return code 0